
[2014-03-04 19:59:55] Beginning TopHat run (v2.0.10)
-----------------------------------------------
[2014-03-04 19:59:55] Checking for Bowtie
		  Bowtie version:	 2.1.0.0
[2014-03-04 19:59:55] Checking for Samtools
		Samtools version:	 0.1.19.0
[2014-03-04 19:59:55] Checking for Bowtie index files (genome)..
[2014-03-04 19:59:55] Checking for reference FASTA file
	Warning: Could not find FASTA file f001_bowtie_index.fa
[2014-03-04 19:59:55] Reconstituting reference FASTA file from Bowtie index
  Executing: /home/dmontaner/bin/NGS/bowtie2-2.1.0/bowtie2-inspect f001_bowtie_index > f020_T1_tophat_out/tmp/f001_bowtie_index.fa
[2014-03-04 19:59:56] Generating SAM header for f001_bowtie_index
[2014-03-04 19:59:56] Preparing reads
	 left reads: min. length=100, max. length=100, 10000 kept reads (0 discarded)
	right reads: min. length=100, max. length=100, 10000 kept reads (0 discarded)
[2014-03-04 19:59:57] Mapping left_kept_reads to genome f001_bowtie_index with Bowtie2 
[2014-03-04 19:59:59] Mapping left_kept_reads_seg1 to genome f001_bowtie_index with Bowtie2 (1/4)
[2014-03-04 19:59:59] Mapping left_kept_reads_seg2 to genome f001_bowtie_index with Bowtie2 (2/4)
[2014-03-04 19:59:59] Mapping left_kept_reads_seg3 to genome f001_bowtie_index with Bowtie2 (3/4)
[2014-03-04 19:59:59] Mapping left_kept_reads_seg4 to genome f001_bowtie_index with Bowtie2 (4/4)
[2014-03-04 19:59:59] Mapping right_kept_reads to genome f001_bowtie_index with Bowtie2 
[2014-03-04 20:00:01] Mapping right_kept_reads_seg1 to genome f001_bowtie_index with Bowtie2 (1/4)
[2014-03-04 20:00:01] Mapping right_kept_reads_seg2 to genome f001_bowtie_index with Bowtie2 (2/4)
[2014-03-04 20:00:02] Mapping right_kept_reads_seg3 to genome f001_bowtie_index with Bowtie2 (3/4)
[2014-03-04 20:00:02] Mapping right_kept_reads_seg4 to genome f001_bowtie_index with Bowtie2 (4/4)
[2014-03-04 20:00:02] Searching for junctions via segment mapping
[2014-03-04 20:00:03] Retrieving sequences for splices
[2014-03-04 20:00:05] Indexing splices
[2014-03-04 20:00:05] Mapping left_kept_reads_seg1 to genome segment_juncs with Bowtie2 (1/4)
[2014-03-04 20:00:05] Mapping left_kept_reads_seg2 to genome segment_juncs with Bowtie2 (2/4)
[2014-03-04 20:00:05] Mapping left_kept_reads_seg3 to genome segment_juncs with Bowtie2 (3/4)
[2014-03-04 20:00:05] Mapping left_kept_reads_seg4 to genome segment_juncs with Bowtie2 (4/4)
[2014-03-04 20:00:05] Joining segment hits
[2014-03-04 20:00:06] Mapping right_kept_reads_seg1 to genome segment_juncs with Bowtie2 (1/4)
[2014-03-04 20:00:06] Mapping right_kept_reads_seg2 to genome segment_juncs with Bowtie2 (2/4)
[2014-03-04 20:00:06] Mapping right_kept_reads_seg3 to genome segment_juncs with Bowtie2 (3/4)
[2014-03-04 20:00:06] Mapping right_kept_reads_seg4 to genome segment_juncs with Bowtie2 (4/4)
[2014-03-04 20:00:06] Joining segment hits
[2014-03-04 20:00:07] Reporting output tracks
-----------------------------------------------
[2014-03-04 20:00:09] A summary of the alignment counts can be found in f020_T1_tophat_out/align_summary.txt
[2014-03-04 20:00:09] Run complete: 00:00:14 elapsed
