
[2014-03-04 19:59:29] Beginning TopHat run (v2.0.10)
-----------------------------------------------
[2014-03-04 19:59:29] Checking for Bowtie
		  Bowtie version:	 2.1.0.0
[2014-03-04 19:59:29] Checking for Samtools
		Samtools version:	 0.1.19.0
[2014-03-04 19:59:29] Checking for Bowtie index files (genome)..
[2014-03-04 19:59:29] Checking for reference FASTA file
	Warning: Could not find FASTA file f001_bowtie_index.fa
[2014-03-04 19:59:29] Reconstituting reference FASTA file from Bowtie index
  Executing: /home/dmontaner/bin/NGS/bowtie2-2.1.0/bowtie2-inspect f001_bowtie_index > f020_C3_tophat_out/tmp/f001_bowtie_index.fa
[2014-03-04 19:59:30] Generating SAM header for f001_bowtie_index
[2014-03-04 19:59:30] Preparing reads
	 left reads: min. length=100, max. length=100, 30003 kept reads (0 discarded)
	right reads: min. length=100, max. length=100, 30003 kept reads (0 discarded)
[2014-03-04 19:59:31] Mapping left_kept_reads to genome f001_bowtie_index with Bowtie2 
[2014-03-04 19:59:36] Mapping left_kept_reads_seg1 to genome f001_bowtie_index with Bowtie2 (1/4)
[2014-03-04 19:59:37] Mapping left_kept_reads_seg2 to genome f001_bowtie_index with Bowtie2 (2/4)
[2014-03-04 19:59:37] Mapping left_kept_reads_seg3 to genome f001_bowtie_index with Bowtie2 (3/4)
[2014-03-04 19:59:37] Mapping left_kept_reads_seg4 to genome f001_bowtie_index with Bowtie2 (4/4)
[2014-03-04 19:59:38] Mapping right_kept_reads to genome f001_bowtie_index with Bowtie2 
[2014-03-04 19:59:43] Mapping right_kept_reads_seg1 to genome f001_bowtie_index with Bowtie2 (1/4)
[2014-03-04 19:59:44] Mapping right_kept_reads_seg2 to genome f001_bowtie_index with Bowtie2 (2/4)
[2014-03-04 19:59:44] Mapping right_kept_reads_seg3 to genome f001_bowtie_index with Bowtie2 (3/4)
[2014-03-04 19:59:44] Mapping right_kept_reads_seg4 to genome f001_bowtie_index with Bowtie2 (4/4)
[2014-03-04 19:59:45] Searching for junctions via segment mapping
[2014-03-04 19:59:47] Retrieving sequences for splices
[2014-03-04 19:59:48] Indexing splices
[2014-03-04 19:59:48] Mapping left_kept_reads_seg1 to genome segment_juncs with Bowtie2 (1/4)
[2014-03-04 19:59:49] Mapping left_kept_reads_seg2 to genome segment_juncs with Bowtie2 (2/4)
[2014-03-04 19:59:49] Mapping left_kept_reads_seg3 to genome segment_juncs with Bowtie2 (3/4)
[2014-03-04 19:59:49] Mapping left_kept_reads_seg4 to genome segment_juncs with Bowtie2 (4/4)
[2014-03-04 19:59:49] Joining segment hits
[2014-03-04 19:59:50] Mapping right_kept_reads_seg1 to genome segment_juncs with Bowtie2 (1/4)
[2014-03-04 19:59:50] Mapping right_kept_reads_seg2 to genome segment_juncs with Bowtie2 (2/4)
[2014-03-04 19:59:50] Mapping right_kept_reads_seg3 to genome segment_juncs with Bowtie2 (3/4)
[2014-03-04 19:59:50] Mapping right_kept_reads_seg4 to genome segment_juncs with Bowtie2 (4/4)
[2014-03-04 19:59:51] Joining segment hits
[2014-03-04 19:59:52] Reporting output tracks
-----------------------------------------------
[2014-03-04 19:59:54] A summary of the alignment counts can be found in f020_C3_tophat_out/align_summary.txt
[2014-03-04 19:59:54] Run complete: 00:00:25 elapsed
