
[2014-03-04 19:59:08] Beginning TopHat run (v2.0.10)
-----------------------------------------------
[2014-03-04 19:59:08] Checking for Bowtie
		  Bowtie version:	 2.1.0.0
[2014-03-04 19:59:08] Checking for Samtools
		Samtools version:	 0.1.19.0
[2014-03-04 19:59:08] Checking for Bowtie index files (genome)..
[2014-03-04 19:59:08] Checking for reference FASTA file
	Warning: Could not find FASTA file f001_bowtie_index.fa
[2014-03-04 19:59:08] Reconstituting reference FASTA file from Bowtie index
  Executing: /home/dmontaner/bin/NGS/bowtie2-2.1.0/bowtie2-inspect f001_bowtie_index > f020_C2_tophat_out/tmp/f001_bowtie_index.fa
[2014-03-04 19:59:10] Generating SAM header for f001_bowtie_index
[2014-03-04 19:59:10] Preparing reads
	 left reads: min. length=100, max. length=100, 20002 kept reads (0 discarded)
	right reads: min. length=100, max. length=100, 20002 kept reads (0 discarded)
[2014-03-04 19:59:11] Mapping left_kept_reads to genome f001_bowtie_index with Bowtie2 
[2014-03-04 19:59:14] Mapping left_kept_reads_seg1 to genome f001_bowtie_index with Bowtie2 (1/4)
[2014-03-04 19:59:15] Mapping left_kept_reads_seg2 to genome f001_bowtie_index with Bowtie2 (2/4)
[2014-03-04 19:59:15] Mapping left_kept_reads_seg3 to genome f001_bowtie_index with Bowtie2 (3/4)
[2014-03-04 19:59:15] Mapping left_kept_reads_seg4 to genome f001_bowtie_index with Bowtie2 (4/4)
[2014-03-04 19:59:15] Mapping right_kept_reads to genome f001_bowtie_index with Bowtie2 
[2014-03-04 19:59:19] Mapping right_kept_reads_seg1 to genome f001_bowtie_index with Bowtie2 (1/4)
[2014-03-04 19:59:19] Mapping right_kept_reads_seg2 to genome f001_bowtie_index with Bowtie2 (2/4)
[2014-03-04 19:59:20] Mapping right_kept_reads_seg3 to genome f001_bowtie_index with Bowtie2 (3/4)
[2014-03-04 19:59:20] Mapping right_kept_reads_seg4 to genome f001_bowtie_index with Bowtie2 (4/4)
[2014-03-04 19:59:20] Searching for junctions via segment mapping
[2014-03-04 19:59:22] Retrieving sequences for splices
[2014-03-04 19:59:23] Indexing splices
[2014-03-04 19:59:23] Mapping left_kept_reads_seg1 to genome segment_juncs with Bowtie2 (1/4)
[2014-03-04 19:59:23] Mapping left_kept_reads_seg2 to genome segment_juncs with Bowtie2 (2/4)
[2014-03-04 19:59:24] Mapping left_kept_reads_seg3 to genome segment_juncs with Bowtie2 (3/4)
[2014-03-04 19:59:24] Mapping left_kept_reads_seg4 to genome segment_juncs with Bowtie2 (4/4)
[2014-03-04 19:59:24] Joining segment hits
[2014-03-04 19:59:25] Mapping right_kept_reads_seg1 to genome segment_juncs with Bowtie2 (1/4)
[2014-03-04 19:59:25] Mapping right_kept_reads_seg2 to genome segment_juncs with Bowtie2 (2/4)
[2014-03-04 19:59:25] Mapping right_kept_reads_seg3 to genome segment_juncs with Bowtie2 (3/4)
[2014-03-04 19:59:25] Mapping right_kept_reads_seg4 to genome segment_juncs with Bowtie2 (4/4)
[2014-03-04 19:59:25] Joining segment hits
[2014-03-04 19:59:26] Reporting output tracks
-----------------------------------------------
[2014-03-04 19:59:29] A summary of the alignment counts can be found in f020_C2_tophat_out/align_summary.txt
[2014-03-04 19:59:29] Run complete: 00:00:20 elapsed
